<?xml version="1.0" encoding="UTF-8"?>
<!-- Generated by org.testng.reporters.JUnitReportReporter -->
<testsuite hostname="kartik-Inspiron-5559" failures="0" tests="1" name="runners.TestRunner" time="3.955" errors="0" timestamp="2025-06-13T12:27:09 IST" skipped="0">
  <testcase classname="runners.TestRunner" name="runScenario" time="3.955"/>
</testsuite> <!-- runners.TestRunner -->
